Version: unknown
load xml config
Control loaded.
run: 0
material: Material
detector: World (World)
 -- parameter: half_x = 500*cm
 -- parameter: half_y = 500*cm
 -- parameter: half_z = 500*cm
detector: Lead (Cuboid) (in World)
 -- parameter: logivol = LeadLog
 -- parameter: material = G4_Pb
 -- parameter: physvol = Lead
 -- parameter: soliname = LeadSolid
 -- parameter: width_x = 950*mm
 -- parameter: width_y = 950*mm
 -- parameter: width_z = 1350*mm
detector: Copper (Cuboid) (in Lead)
 -- parameter: logivol = CopperLog
 -- parameter: material = Copper
 -- parameter: physvol = Copper
 -- parameter: soliname = CopperSolid
 -- parameter: width_x = 850*mm
 -- parameter: width_y = 850*mm
 -- parameter: width_z = 1250*mm
detector: InnerPE (Cuboid) (in Copper)
 -- parameter: logivol = InnerPELog
 -- parameter: material = G4_POLYETHYLENE
 -- parameter: physvol = InnerPE
 -- parameter: soliname = InnerPESolid
 -- parameter: width_x = 750*mm
 -- parameter: width_y = 750*mm
 -- parameter: width_z = 1150*mm
detector: Air (Cuboid) (in InnerPE)
 -- parameter: logivol = AirLog
 -- parameter: material = G4_AIR
 -- parameter: physvol = Air
 -- parameter: soliname = AirSolid
 -- parameter: width_x = 450*mm
 -- parameter: width_y = 450*mm
 -- parameter: width_z = 850*mm
detector: Flange (Array) (in Air)
 -- parameter: check_overlap = 1
 -- parameter: height = 12.6999999999*mm
 -- parameter: inner_radius = 11.5*mm
 -- parameter: logivol = FlangeLog
 -- parameter: material = SS304LSteel
 -- parameter: objects = Tube
 -- parameter: outer_radius = 34.75*mm
 -- parameter: physvol = Flange
 -- parameter: sides = 0
 -- parameter: soliname = FlangeSolid
 -- parameter: source = data/Flange.txt
detector: OuterContainer (Cylinder) (in Air)
 -- parameter: check_overlap = 1
 -- parameter: height = 679.9*mm
 -- parameter: logivol = OuterContainerLog
 -- parameter: material = SS304LSteel
 -- parameter: physvol = OuterContainer
 -- parameter: radius = 178*mm
 -- parameter: shift_z = -60*mm
 -- parameter: soliname = OuterContainerSolid
 -- parameter: surface = 0
detector: Vacuum (Cylinder) (in OuterContainer)
 -- parameter: check_overlap = 1
 -- parameter: height = 679.9*mm
 -- parameter: logivol = VacuumLog
 -- parameter: material = Vacuum
 -- parameter: physvol = Vacuum
 -- parameter: radius = 175*mm
 -- parameter: shift_z = 0*mm
 -- parameter: soliname = VacuumSolid
 -- parameter: surface = 0
detector: InnerContainer (Cylinder) (in Vacuum)
 -- parameter: check_overlap = 1
 -- parameter: height = 450.0*mm
 -- parameter: logivol = InnerContainerLog
 -- parameter: material = SS304LSteel
 -- parameter: physvol = InnerContainer
 -- parameter: radius = 127*mm
 -- parameter: soliname = InnerContainerSolid
 -- parameter: surface = 0
detector: OuterGXe (Cylinder) (in InnerContainer)
 -- parameter: check_overlap = 1
 -- parameter: height = 209.3*mm
 -- parameter: logivol = OuterGXeLog
 -- parameter: material = GXe
 -- parameter: physvol = OuterGXe
 -- parameter: radius = 124*mm
 -- parameter: shift_z = 120.35*mm
 -- parameter: soliname = OuterGXeSolid
 -- parameter: surface = 0
detector: TeflonGas (Cylinder) (in OuterGXe)
 -- parameter: check_overlap = 1
 -- parameter: height = 25.1*mm
 -- parameter: logivol = TeflonGasLog
 -- parameter: material = TeflonGas
 -- parameter: physvol = TeflonGas
 -- parameter: radius = 83*mm
 -- parameter: shift_z = -92.10*mm
 -- parameter: soliname = TeflonGasSolid
 -- parameter: surface = 1
detector: gasxenon (Cylinder) (in TeflonGas)
 -- parameter: check_overlap = 1
 -- parameter: height = 25.1*mm
 -- parameter: logivol = gasxenonLog
 -- parameter: material = GXe
 -- parameter: physvol = gasxenon
 -- parameter: radius = 77.5*mm
 -- parameter: shift_z = 0*mm
 -- parameter: soliname = gasxenonSolid
 -- parameter: surface = 0
detector: Anode (MeshGrid) (in gasxenon)
 -- parameter: logivol = AnodeLog
 -- parameter: material = SS304LSteel
 -- parameter: physvol = Anode
 -- parameter: radius = 77.5*mm
 -- parameter: shift_z = -10*mm
 -- parameter: sides = 0
 -- parameter: soliname = AnodeSolid
 -- parameter: surface = 1
 -- parameter: type = dielectric_metal
 -- parameter: wire_diameter = 0.1*mm
 -- parameter: wire_pitch = 2.887*mm
detector: TopTeflon (HolesBoard) (in gasxenon)
 -- parameter: check_overlap = 1
 -- parameter: height = 2.5*mm
 -- parameter: logivol = TopTeflonLog
 -- parameter: material = TeflonGas
 -- parameter: physvol = TopTeflon
 -- parameter: radius = 77.5*mm
 -- parameter: shift_z = 11.3*mm
 -- parameter: sides = 0
 -- parameter: soliname = TopTeflonSolid
 -- parameter: source = data/topTeflon.txt
 -- parameter: surface = 1
 -- parameter: width_x = 20.5*mm
detector: tR8520 (Array) (in OuterGXe)
 -- parameter: base_type = dielectric_metal
 -- parameter: casing_finish = polished
 -- parameter: casing_type = dielectric_metal
 -- parameter: check_overlap = 1
 -- parameter: entrack = 1
 -- parameter: logivol = R8520Log
 -- parameter: objects = PMTsR8520
 -- parameter: opticalsd = 1
 -- parameter: photocathode_finish = polished
 -- parameter: physvol = R8520
 -- parameter: sendname = tR8520
 -- parameter: soliname = R8520Solid
 -- parameter: source = data/topPMT.txt
 -- parameter: window_finish = polished
 -- parameter: window_order = 1
 -- parameter: window_partner = parent
detector: OuterLXe (Cylinder) (in InnerContainer)
 -- parameter: check_overlap = 1
 -- parameter: height = 240.7*mm
 -- parameter: logivol = OuterLXeLog
 -- parameter: material = LXe
 -- parameter: physvol = OuterLXe
 -- parameter: radius = 124*mm
 -- parameter: sendname = OuterLXe
 -- parameter: shift_z = -104.65*mm
 -- parameter: soliname = OuterLXeSolid
 -- parameter: surface = 0
detector: Shapingrings (Array) (in OuterLXe)
 -- parameter: check_overlap = 1
 -- parameter: height = 5*mm
 -- parameter: inner_radius = 83.000000001*mm
 -- parameter: logivol = ShapingringsLog
 -- parameter: material = Copper
 -- parameter: objects = Tube
 -- parameter: outer_radius = 88*mm
 -- parameter: physvol = Shapingrings
 -- parameter: soliname = ShapingringsSolid
 -- parameter: source = data/shaping_rings.txt
 -- parameter: surface = 0
detector: Teflon (Cylinder) (in OuterLXe)
 -- parameter: check_overlap = 1
 -- parameter: height = 160.3*mm
 -- parameter: logivol = TeflonLog
 -- parameter: material = Teflon
 -- parameter: physvol = Teflon
 -- parameter: radius = 83*mm
 -- parameter: shift_z = 40.20*mm
 -- parameter: soliname = TeflonSolid
 -- parameter: surface = 1
detector: lxenon (Cylinder) (in Teflon)
 -- parameter: check_overlap = 1
 -- parameter: height = 160.3*mm
 -- parameter: logivol = lxenonLog
 -- parameter: material = LXe
 -- parameter: physvol = lxenon
 -- parameter: radius = 77.5*mm
 -- parameter: sendname = lxenon
 -- parameter: shift_z = 0*mm
 -- parameter: soliname = lxenonSolid
 -- parameter: surface = 0
detector: BotTeflon (HolesBoard) (in lxenon)
 -- parameter: check_overlap = 1
 -- parameter: height = 2.5*mm
 -- parameter: logivol = BotTeflonLog
 -- parameter: material = Teflon
 -- parameter: physvol = BotTeflon
 -- parameter: radius = 77.5*mm
 -- parameter: shift_z = -78.9*mm
 -- parameter: sides = 0
 -- parameter: soliname = BotTeflonSolid
 -- parameter: source = data/botTeflon.txt
 -- parameter: surface = 1
 -- parameter: width_x = 20.5*mm
detector: BottomScreening (MeshGrid) (in lxenon)
 -- parameter: check_overlap = 1
 -- parameter: logivol = BottomScreeningLog
 -- parameter: material = SS304LSteel
 -- parameter: physvol = BottomScreening
 -- parameter: radius = 77.5*mm
 -- parameter: shift_z = -77.6*mm
 -- parameter: sides = 0
 -- parameter: soliname = BottomScreeningSolid
 -- parameter: surface = 1
 -- parameter: type = dielectric_metal
 -- parameter: wire_diameter = 0.1*mm
 -- parameter: wire_pitch = 5.774*mm
detector: Cathode (MeshGrid) (in lxenon)
 -- parameter: check_overlap = 1
 -- parameter: logivol = CathodeLog
 -- parameter: material = SS304LSteel
 -- parameter: physvol = Cathode
 -- parameter: radius = 77.5*mm
 -- parameter: shift_z = -62.5*mm
 -- parameter: sides = 0
 -- parameter: soliname = CathodeSolid
 -- parameter: surface = 1
 -- parameter: type = dielectric_metal
 -- parameter: wire_diameter = 0.1*mm
 -- parameter: wire_pitch = 2.887*mm
detector: Gate (MeshGrid) (in lxenon)
 -- parameter: check_overlap = 1
 -- parameter: logivol = GateLog
 -- parameter: material = SS304LSteel
 -- parameter: physvol = Gate
 -- parameter: radius = 77.5*mm
 -- parameter: shift_z = 77.6*mm
 -- parameter: sides = 0
 -- parameter: soliname = GateSolid
 -- parameter: surface = 1
 -- parameter: type = dielectric_metal
 -- parameter: wire_diameter = 0.1*mm
 -- parameter: wire_pitch = 2.887*mm
detector: bR8520 (Array) (in OuterLXe)
 -- parameter: base_type = dielectric_metal
 -- parameter: casing_finish = polished
 -- parameter: casing_type = dielectric_metal
 -- parameter: check_overlap = 1
 -- parameter: entrack = 1
 -- parameter: logivol = R8520Log
 -- parameter: objects = PMTsR8520
 -- parameter: opticalsd = 1
 -- parameter: photocathode_finish = polished
 -- parameter: physvol = R8520
 -- parameter: sendname = bR8520
 -- parameter: soliname = R8520Solid
 -- parameter: source = data/botPMT.txt
 -- parameter: window_finish = polished
 -- parameter: window_order = 1
 -- parameter: window_partner = parent
detector: InnerContainerBottom (Cylinder) (in Vacuum)
 -- parameter: check_overlap = 1
 -- parameter: height = 26.999999999*mm
 -- parameter: logivol = InnerContainerLog
 -- parameter: material = SS304LSteel
 -- parameter: physvol = InnerContainerBottom
 -- parameter: radius = 152*mm
 -- parameter: shift_z = -238.5*mm
 -- parameter: soliname = InnerContainerBottomSolid
 -- parameter: surface = 0
detector: InnerContainerTop (Cylinder) (in Vacuum)
 -- parameter: check_overlap = 1
 -- parameter: height = 26.999999999*mm
 -- parameter: logivol = InnerContainerLog
 -- parameter: material = SS304LSteel
 -- parameter: physvol = InnerContainerTop
 -- parameter: radius = 152*mm
 -- parameter: shift_z = 238.5*mm
 -- parameter: soliname = InnerContainerTopSolid
 -- parameter: surface = 0
detector: OuterContainerBottom (Cylinder) (in Air)
 -- parameter: check_overlap = 1
 -- parameter: height = 7.999999999*mm
 -- parameter: logivol = OuterContainerLog
 -- parameter: material = SS304LSteel
 -- parameter: physvol = OuterContainerBottom
 -- parameter: radius = 178*mm
 -- parameter: shift_z = -403.95*mm
 -- parameter: soliname = OuterContainerBottomSolid
 -- parameter: surface = 1
detector: OuterContainerTop (Cuboid) (in Air)
 -- parameter: check_overlap = 1
 -- parameter: logivol = OuterContainerLog
 -- parameter: material = SS304LSteel
 -- parameter: physvol = OuterContainerTop
 -- parameter: shift_z = 289.95*mm
 -- parameter: soliname = OuterContainerTopSolid
 -- parameter: surface = 1
 -- parameter: width_x = 435*mm
 -- parameter: width_y = 435*mm
 -- parameter: width_z = 19.999999999*mm
detector: Pipe (Array) (in Air)
 -- parameter: check_overlap = 1
 -- parameter: height = 99.3999999999*mm
 -- parameter: inner_radius = 17.4*mm
 -- parameter: logivol = PipeLog
 -- parameter: material = SS304LSteel
 -- parameter: objects = Tube
 -- parameter: outer_radius = 19.05*mm
 -- parameter: physvol = Pipe
 -- parameter: sides = 0
 -- parameter: soliname = PipeSolid
 -- parameter: source = data/Pipe.txt
physics: RelicsOpticalPhysics
physics parameter: cutlength = 0.1*mm
generator: ConfineGenerator
analysis: RelicsOpticalAnalysis
analysis parameter: DataFileName = ../config/test.root
analysis parameter: EnableEnergyDeposition = 0
analysis parameter: EnablePrimaryParticle = 1
analysis parameter: GetGeoMass = 1
analysis parameter: OpticalSdName = bR8520
analysis parameter: SaveNullEvents = 1
analysis parameter: UserSeed = 0

**************************************************************
 Geant4 version Name: geant4-11-01-patch-03 [MT]   (10-November-2023)
                       Copyright : Geant4 Collaboration
                      References : NIM A 506 (2003), 250-303
                                 : IEEE-TNS 53 (2006), 270-278
                                 : NIM A 835 (2016), 186-225
                             WWW : http://geant4.org/
**************************************************************

default cut length: 0.1 mm
Avaliable elements: 
H B C N O F Al Si Ar Ca Cr Mn Fe Ni Cu Xe 
The MPT for the LXe_ is now: 
0: RINDEX
6.91e-06   1.69
6.98e-06   1.69
7.05e-06   1.69
9: GROUPVEL
6.91e-06   177.392
6.945e-06   177.392
7.05e-06   177.392
11: RAYLEIGH
6.91e-06   300
6.98e-06   300
7.05e-06   300
16: ABSLENGTH
6.91e-06   5000
6.98e-06   5000
7.05e-06   5000
23: SCINTILLATIONCOMPONENT1
6.91e-06   0.1
6.98e-06   1
7.05e-06   0.1
24: SCINTILLATIONCOMPONENT2
6.91e-06   0.1
6.98e-06   1
7.05e-06   0.1
10: SCINTILLATIONYIELD 1e+06
11: RESOLUTIONSCALE 0
30: SCINTILLATIONTIMECONSTANT1 3
31: SCINTILLATIONTIMECONSTANT2 27
36: SCINTILLATIONYIELD1 1
37: SCINTILLATIONYIELD2 0
.............
The MPT for the GXe_ is now: 
0: RINDEX
6.91e-06   1
6.98e-06   1
7.05e-06   1
9: GROUPVEL
6.91e-06   299.792
6.945e-06   299.792
7.05e-06   299.792
11: RAYLEIGH
6.91e-06   100000
6.98e-06   100000
7.05e-06   100000
16: ABSLENGTH
6.91e-06   20000
6.98e-06   20000
7.05e-06   20000
23: SCINTILLATIONCOMPONENT1
6.91e-06   0.1
6.98e-06   1
7.05e-06   0.1
24: SCINTILLATIONCOMPONENT2
6.91e-06   0.1
6.98e-06   1
7.05e-06   0.1
10: SCINTILLATIONYIELD 3e+06
11: RESOLUTIONSCALE 1
30: SCINTILLATIONTIMECONSTANT1 3
31: SCINTILLATIONTIMECONSTANT2 27
36: SCINTILLATIONYIELD1 1
37: SCINTILLATIONYIELD2 0
.............
The MPT for the Quartz_ is now: 
0: RINDEX
1e-06   1.7
6.9e-06   1.7
6.91e-06   1.7
6.98e-06   1.7
7.05e-06   1.7
9: GROUPVEL
1e-06   176.349
3.95e-06   176.349
6.905e-06   176.349
6.945e-06   176.349
7.05e-06   176.349
16: ABSLENGTH
1e-06   30000
6.9e-06   30000
6.91e-06   30000
6.98e-06   30000
7.05e-06   30000
.............
The MPT for the SS304LSteel_ is now: 
1: REFLECTIVITY
1e-06   0.57
5e-06   0.57
5: TRANSMITTANCE
1e-06   1e-12
5e-06   1e-12
.............
The MPT for the Teflon_ is now: 
0: RINDEX
6.91e-06   1.63
6.98e-06   1.61
7.05e-06   1.58
1: REFLECTIVITY
6.91e-06   0.95
6.98e-06   0.95
7.05e-06   0.95
5: TRANSMITTANCE
6.91e-06   1e-12
6.98e-06   1e-12
7.05e-06   1e-12
6: SPECULARLOBECONSTANT
6.91e-06   0.01
6.98e-06   0.01
7.05e-06   0.01
7: SPECULARSPIKECONSTANT
6.91e-06   0.01
6.98e-06   0.01
7.05e-06   0.01
8: BACKSCATTERCONSTANT
6.91e-06   0.01
6.98e-06   0.01
7.05e-06   0.01
9: GROUPVEL
6.91e-06   183.922
6.945e-06   185.057
7.05e-06   189.742
16: ABSLENGTH
6.91e-06   1
6.98e-06   1
7.05e-06   1
.............
The MPT for the TeflonGas_ is now: 
0: RINDEX
6.91e-06   1.63
6.98e-06   1.61
7.05e-06   1.58
1: REFLECTIVITY
6.91e-06   0.7
6.98e-06   0.7
7.05e-06   0.7
5: TRANSMITTANCE
6.91e-06   1e-12
6.98e-06   1e-12
7.05e-06   1e-12
6: SPECULARLOBECONSTANT
6.91e-06   0.01
6.98e-06   0.01
7.05e-06   0.01
7: SPECULARSPIKECONSTANT
6.91e-06   0.01
6.98e-06   0.01
7.05e-06   0.01
8: BACKSCATTERCONSTANT
6.91e-06   0.01
6.98e-06   0.01
7.05e-06   0.01
9: GROUPVEL
6.91e-06   183.922
6.945e-06   185.057
7.05e-06   189.742
16: ABSLENGTH
6.91e-06   1
6.98e-06   1
7.05e-06   1
.............
Available materials: 
Vacuum Air LXe GXe Quartz PhotoCathodeAluminium Copper SS304LSteel Teflon TeflonGas Cirlex G4_AIR G4_POLYETHYLENE G4_Pb concrete G4_WATER 
create detector World...
create detector Cuboid...
create detector Cuboid...
create detector Cuboid...
create detector Cuboid...
create detector Array...
create detector Tube...
Checking overlaps for volume Flange:0 (G4Tubs) ... OK! 
Checking overlaps for volume Flange:1 (G4Tubs) ... OK! 
Checking overlaps for volume Flange:2 (G4Tubs) ... OK! 
Checking overlaps for volume Flange:3 (G4Tubs) ... OK! 
Checking overlaps for volume Flange:4 (G4Tubs) ... OK! 
Checking overlaps for volume Flange:5 (G4Tubs) ... OK! 
create detector Cylinder...
Checking overlaps for volume OuterContainer:0 (G4Tubs) ... OK! 
create detector Cylinder...
Checking overlaps for volume Vacuum:0 (G4Tubs) ... OK! 
create detector Cylinder...
Checking overlaps for volume InnerContainer:0 (G4Tubs) ... OK! 
create detector Cylinder...
Checking overlaps for volume OuterGXe:0 (G4Tubs) ... OK! 
create detector Cylinder...
Checking overlaps for volume TeflonGas:0 (G4Tubs) ... OK! 
Set G4LogicalSkinSurface to TeflonGasLog with TeflonGas_Surface
create detector Cylinder...
Checking overlaps for volume gasxenon:0 (G4Tubs) ... OK! 
create detector MeshGrid...
Set G4LogicalSkinSurface to AnodeLog with SS304LSteel_Surface
create detector HolesBoard...
Checking overlaps for volume TopTeflon:0 (G4SubtractionSolid) ... OK! 
Set G4LogicalSkinSurface to TopTeflonLog with TeflonGas_Surface
create detector Array...
create detector PMTsR8520...
Checking overlaps for volume Base:0 (G4Box) ... OK! 
Checking overlaps for volume Window:0 (G4Box) ... OK! 
Checking overlaps for volume Casing:0 (G4Box) ... OK! 
Checking overlaps for volume Interior:0 (G4Box) ... OK! 
Checking overlaps for volume PhotoCathode:0 (G4Box) ... OK! 
Set G4LogicalSkinSurface to BaseLogicalVolume with Cirlex_Surface
Set G4LogicalBorderSurface from OuterGXe to Window with Quartz_Surface
Set G4LogicalSkinSurface to CasingLogicalVolume with SS304LSteel_Surface
Set G4LogicalSkinSurface to PhotoCathodeLogicalVolume with PhotoCathodeAluminium_Surface
Checking overlaps for volume R8520:0 (G4UnionSolid) ... OK! 
Checking overlaps for volume R8520:1 (G4UnionSolid) ... OK! 
Checking overlaps for volume R8520:2 (G4UnionSolid) ... OK! 
Checking overlaps for volume R8520:3 (G4UnionSolid) ... OK! 
Checking overlaps for volume R8520:4 (G4UnionSolid) ... OK! 
Checking overlaps for volume R8520:5 (G4UnionSolid) ... OK! 
Checking overlaps for volume R8520:6 (G4UnionSolid) ... OK! 
Checking overlaps for volume R8520:7 (G4UnionSolid) ... OK! 
Checking overlaps for volume R8520:8 (G4UnionSolid) ... OK! 
Checking overlaps for volume R8520:9 (G4UnionSolid) ... OK! 
Checking overlaps for volume R8520:10 (G4UnionSolid) ... OK! 
Checking overlaps for volume R8520:11 (G4UnionSolid) ... OK! 
Checking overlaps for volume R8520:12 (G4UnionSolid) ... OK! 
Checking overlaps for volume R8520:13 (G4UnionSolid) ... OK! 
Checking overlaps for volume R8520:14 (G4UnionSolid) ... OK! 
Checking overlaps for volume R8520:15 (G4UnionSolid) ... OK! 
Checking overlaps for volume R8520:16 (G4UnionSolid) ... OK! 
Checking overlaps for volume R8520:17 (G4UnionSolid) ... OK! 
Checking overlaps for volume R8520:18 (G4UnionSolid) ... OK! 
create detector Cylinder...
Checking overlaps for volume OuterLXe:0 (G4Tubs) ... OK! 
create detector Array...
create detector Tube...
Checking overlaps for volume Shapingrings:0 (G4Tubs) ... OK! 
Checking overlaps for volume Shapingrings:1 (G4Tubs) ... OK! 
Checking overlaps for volume Shapingrings:2 (G4Tubs) ... OK! 
Checking overlaps for volume Shapingrings:3 (G4Tubs) ... OK! 
Checking overlaps for volume Shapingrings:4 (G4Tubs) ... OK! 
Checking overlaps for volume Shapingrings:5 (G4Tubs) ... OK! 
Checking overlaps for volume Shapingrings:6 (G4Tubs) ... OK! 
Checking overlaps for volume Shapingrings:7 (G4Tubs) ... OK! 
Checking overlaps for volume Shapingrings:8 (G4Tubs) ... OK! 
Checking overlaps for volume Shapingrings:9 (G4Tubs) ... OK! 
Checking overlaps for volume Shapingrings:10 (G4Tubs) ... OK! 
Checking overlaps for volume Shapingrings:11 (G4Tubs) ... OK! 
Checking overlaps for volume Shapingrings:12 (G4Tubs) ... OK! 
Checking overlaps for volume Shapingrings:13 (G4Tubs) ... OK! 
Checking overlaps for volume Shapingrings:14 (G4Tubs) ... OK! 
Checking overlaps for volume Shapingrings:15 (G4Tubs) ... OK! 
Checking overlaps for volume Shapingrings:16 (G4Tubs) ... OK! 
create detector Cylinder...
Checking overlaps for volume Teflon:0 (G4Tubs) ... OK! 
Set G4LogicalSkinSurface to TeflonLog with Teflon_Surface
create detector Cylinder...
Checking overlaps for volume lxenon:0 (G4Tubs) ... OK! 
create detector HolesBoard...
Checking overlaps for volume BotTeflon:0 (G4SubtractionSolid) ... OK! 
Set G4LogicalSkinSurface to BotTeflonLog with Teflon_Surface
create detector MeshGrid...
Checking overlaps for volume BottomScreening:0 (G4SubtractionSolid) ... OK! 
Set G4LogicalSkinSurface to BottomScreeningLog with SS304LSteel_Surface
create detector MeshGrid...
Checking overlaps for volume Cathode:0 (G4SubtractionSolid) ... OK! 
Set G4LogicalSkinSurface to CathodeLog with SS304LSteel_Surface
create detector MeshGrid...
Checking overlaps for volume Gate:0 (G4SubtractionSolid) ... OK! 
Set G4LogicalSkinSurface to GateLog with SS304LSteel_Surface
create detector Array...
create detector PMTsR8520...
Checking overlaps for volume Base:0 (G4Box) ... OK! 
Checking overlaps for volume Window:0 (G4Box) ... OK! 
Checking overlaps for volume Casing:0 (G4Box) ... OK! 
Checking overlaps for volume Interior:0 (G4Box) ... OK! 
Checking overlaps for volume PhotoCathode:0 (G4Box) ... OK! 
Set G4LogicalSkinSurface to BaseLogicalVolume with Cirlex_Surface
Set G4LogicalBorderSurface from OuterLXe to Window with Quartz_Surface
Set G4LogicalSkinSurface to CasingLogicalVolume with SS304LSteel_Surface
Set G4LogicalSkinSurface to PhotoCathodeLogicalVolume with PhotoCathodeAluminium_Surface
Checking overlaps for volume R8520:19 (G4UnionSolid) ... OK! 
Checking overlaps for volume R8520:20 (G4UnionSolid) ... OK! 
Checking overlaps for volume R8520:21 (G4UnionSolid) ... OK! 
Checking overlaps for volume R8520:22 (G4UnionSolid) ... OK! 
Checking overlaps for volume R8520:23 (G4UnionSolid) ... OK! 
Checking overlaps for volume R8520:24 (G4UnionSolid) ... OK! 
Checking overlaps for volume R8520:25 (G4UnionSolid) ... OK! 
Checking overlaps for volume R8520:26 (G4UnionSolid) ... OK! 
Checking overlaps for volume R8520:27 (G4UnionSolid) ... OK! 
Checking overlaps for volume R8520:28 (G4UnionSolid) ... OK! 
Checking overlaps for volume R8520:29 (G4UnionSolid) ... OK! 
Checking overlaps for volume R8520:30 (G4UnionSolid) ... OK! 
Checking overlaps for volume R8520:31 (G4UnionSolid) ... OK! 
Checking overlaps for volume R8520:32 (G4UnionSolid) ... OK! 
Checking overlaps for volume R8520:33 (G4UnionSolid) ... OK! 
Checking overlaps for volume R8520:34 (G4UnionSolid) ... OK! 
Checking overlaps for volume R8520:35 (G4UnionSolid) ... OK! 
Checking overlaps for volume R8520:36 (G4UnionSolid) ... OK! 
Checking overlaps for volume R8520:37 (G4UnionSolid) ... OK! 
create detector Cylinder...
Checking overlaps for volume InnerContainerBottom:0 (G4Tubs) ... OK! 
create detector Cylinder...
Checking overlaps for volume InnerContainerTop:0 (G4Tubs) ... OK! 
create detector Cylinder...
Checking overlaps for volume OuterContainerBottom:0 (G4Tubs) ... OK! 
Set G4LogicalSkinSurface to OuterContainerLog with SS304LSteel_Surface
create detector Cuboid...
Checking overlaps for volume OuterContainerTop:0 (G4Box) ... OK! 
Set G4LogicalSkinSurface to OuterContainerLog with SS304LSteel_Surface
create detector Array...
create detector Tube...
Checking overlaps for volume Pipe:0 (G4Tubs) ... OK! 
Checking overlaps for volume Pipe:1 (G4Tubs) ... OK! 
Checking overlaps for volume Pipe:2 (G4Tubs) ... OK! 
Checking overlaps for volume Pipe:3 (G4Tubs) ... OK! 
Checking overlaps for volume Pipe:4 (G4Tubs) ... OK! 
Checking overlaps for volume Pipe:5 (G4Tubs) ... OK! 
### Birks coefficients used in run time
Run manager initialization done!
Visualization Manager instantiating with verbosity "warnings (3)"...
Visualization Manager initialising...
Registering graphics systems...

You have successfully registered the following graphics systems.
Registered graphics systems are:
  ASCIITree (ATree)
  DAWNFILE (DAWNFILE)
  G4HepRepFile (HepRepFile)
  RayTracer (RayTracer)
  VRML2FILE (VRML2FILE)
  gMocrenFile (gMocrenFile)
  TOOLSSG_OFFSCREEN (TSG_OFFSCREEN)
  TOOLSSG_OFFSCREEN (TSG_OFFSCREEN, TSG_FILE)
  OpenGLImmediateQt (OGLIQt, OGLI)
  OpenGLStoredQt (OGLSQt, OGL, OGLS)
  OpenGLImmediateX (OGLIX, OGLIQt_FALLBACK)
  OpenGLStoredX (OGLSX, OGLSQt_FALLBACK)
  RayTracerX (RayTracerX)
  Qt3D (Qt3D)
  TOOLSSG_X11_GLES (TSG_X11_GLES, TSGX11, TSG_QT_GLES_FALLBACK)
  TOOLSSG_QT_GLES (TSG_QT_GLES, TSGQt, TSG)

Registering model factories...

You have successfully registered the following model factories.
Registered model factories:
  generic
  drawByAttribute
  drawByCharge
  drawByOriginVolume
  drawByParticleID
  drawByEncounteredVolume

Registered models:
  None

Registered filter factories:
  attributeFilter
  chargeFilter
  originVolumeFilter
  particleFilter
  encounteredVolumeFilter

Registered filters:
  None

You have successfully registered the following user vis actions.
Run Duration User Vis Actions: none
End of Event User Vis Actions: none
End of Run User Vis Actions: none

Some /vis commands (optionally) take a string to specify colour.
"/vis/list" to see available colours.
Visualization manager initialization done!
G4VisManager: Using G4TrajectoryDrawByCharge as fallback trajectory model.
See commands in /vis/modeling/trajectories/ for other options.
### Run 0 start.
Processing event 0...

----------End of Run 0----------
RelicsOpticalDataManager: Write data to tree...

----------Printing Mass of Geometry ----------
                    World:                   G4_AIR:                  1203.32 kg:                  1.20479 mg/cm3:                     1000 m3 :                      600 m2    
                     Lead:                    G4_Pb:                  3578.09 kg:                    11.35 g/cm3 :                  1.21837 m3 :                    6.935 m2    
                   Copper:                   Copper:                  2285.75 kg:                     8.92 g/cm3 :                  903.125 L  :                    5.695 m2    
                  InnerPE:          G4_POLYETHYLENE:                  446.265 kg:                      940 mg/cm3:                  646.875 L  :                    4.575 m2    
                      Air:                   G4_AIR:                  119.874 g :                  1.20479 mg/cm3:                  172.125 L  :                    1.935 m2    
                   Flange:              SS304LSteel:                  343.224 g :                        8 g/cm3 :                  4.29031 cL :                   104.47 cm2   
           OuterContainer:              SS304LSteel:                  18.0959 kg:                        8 g/cm3 :                   67.676 L  :                  9594.81 cm2   
                   Vacuum:                   Vacuum:              3.86927e-13 mg:                    1e-17 mg/cm3:                   65.414 L  :                  9400.12 cm2   
           InnerContainer:              SS304LSteel:                  8.51623 kg:                        8 g/cm3 :                  22.8018 L  :                  4604.26 cm2   
                 OuterGXe:                      GXe:                  54.1596 g :                    5.887 mg/cm3:                  10.1103 L  :                  2596.79 cm2   
                TeflonGas:                TeflonGas:                  153.138 g :                      2.2 g/cm3 :                  5.43225 dL :                  563.746 cm2   
                 gasxenon:                      GXe:                  2.62767 g :                    5.887 mg/cm3:                  4.73617 dL :                  499.607 cm2   
                    Anode:              SS304LSteel:                    590.5 mg:                        8 g/cm3 :                  73.8125 mm3:                  29.3995 cm2   
                TopTeflon:                TeflonGas:                  59.8211 g :                      2.2 g/cm3 :                  2.71914 cL :                  267.052 cm2   
                    R8520:                      GXe:               0.00121973 mg:                    5.887 mg/cm3:                  1.93248 cL :                   55.432 cm2   
                     Base:                   Cirlex:                  1.38387 g :                     1.43 g/cm3 :                   967.74 mm3:                  14.4272 cm2   
                   Window:                   Quartz:                  2.06344 g :                    2.201 g/cm3 :                    937.5 mm3:                       14 cm2   
                   Casing:              SS304LSteel:                  13.5837 g :                        8 g/cm3 :                  1.74193 cL :                  40.3352 cm2   
                 Interior:                   Vacuum:              1.54794e-16 mg:                    1e-17 mg/cm3:                  1.54794 cL :                  37.2832 cm2   
             PhotoCathode:    PhotoCathodeAluminium:                    1.936 g :                        8 g/cm3 :                      242 mm3:                    10.12 cm2   
                 OuterLXe:                      LXe:                  21.6433 kg:                    2.862 g/cm3 :                   11.627 L  :                  2841.43 cm2   
             Shapingrings:                   Copper:                  119.798 g :                     8.92 g/cm3 :                  1.34303 cL :                  107.442 cm2   
                   Teflon:                   Teflon:                  978.011 g :                      2.2 g/cm3 :                  3.46928 L  :                  1268.82 cm2   
                   lxenon:                      LXe:                  8.57832 kg:                    2.862 g/cm3 :                  3.02473 L  :                  1157.96 cm2   
                BotTeflon:                   Teflon:                   59.887 g :                      2.2 g/cm3 :                  2.72214 cL :                  270.354 cm2   
          BottomScreening:              SS304LSteel:                  310.436 mg:                        8 g/cm3 :                  38.8045 mm3:                  14.0738 cm2   
                  Cathode:              SS304LSteel:                  620.733 mg:                        8 g/cm3 :                  77.5917 mm3:                  30.1816 cm2   
                     Gate:              SS304LSteel:                  621.704 mg:                        8 g/cm3 :                   77.713 mm3:                  30.1816 cm2   
     InnerContainerBottom:              SS304LSteel:                   15.678 kg:                        8 g/cm3 :                  1.95975 L  :                  1709.53 cm2   
        InnerContainerTop:              SS304LSteel:                   15.678 kg:                        8 g/cm3 :                  1.95975 L  :                  1709.53 cm2   
     OuterContainerBottom:              SS304LSteel:                  6.37045 kg:                        8 g/cm3 :                  7.96306 dL :                  2080.24 cm2   
        OuterContainerTop:              SS304LSteel:                   30.276 kg:                        8 g/cm3 :                   3.7845 L  :                   4132.5 cm2   
                     Pipe:              SS304LSteel:                  150.248 g :                        8 g/cm3 :                   1.8781 cL :                  231.427 cm2   

注意array的数据都给出的是单个的！
带L的是包含内部空心的容积，不是体积

-----------Printed Mass of Geometry ----------
Graphics systems deleted.
Visualization Manager deleting...
RelicsOpticalRunAction destructed.
RelicsOpticalEventAction destructed.
RelicsOpticalDataManager destructed.
